<?xml version="1.0" encoding="UTF-8"?>
<!-- Generated by org.testng.reporters.JUnitXMLReporter -->
<testsuite ignored="0" hostname="DESKTOP-J5S0LPJ" failures="1" tests="1" name="Facebook" time="36.945" errors="0" timestamp="2024-06-24T22:29:44 IST">
  <testcase classname="com.facebook.testCases.BaseClass" name="@AfterTest Logout" time="11.211">
    <failure type="java.lang.AssertionError" message="The following asserts failed:
	expected [true] but found [false]">
      <![CDATA[java.lang.AssertionError: The following asserts failed:
expected [true] but found [false]
at com.facebook.pageObject.PO_HomePage.UserLogout(PO_HomePage.java:156)
at com.facebook.testCases.BaseClass.Logout(BaseClass.java:123)
... Removed 24 stack frames]]>
    </failure>
  </testcase> <!-- @AfterTest Logout -->
  <testcase classname="com.facebook.testCases.BaseClass" name="@AfterTest Teardown" time="-1.719248384379E9">
    <skipped/>
  </testcase> <!-- @AfterTest Teardown -->
  <testcase classname="com.facebook.testCases.TC_CreatePost" name="test_CreatePost" time="11.364">
    <failure type="java.lang.NullPointerException" message="Cannot invoke &amp;quot;com.facebook.pageObject.PO_MenuOptionPage.clickOnCreatePost()&amp;quot; because &amp;quot;this.po_mop&amp;quot; is null">
      <![CDATA[java.lang.NullPointerException: Cannot invoke "com.facebook.pageObject.PO_MenuOptionPage.clickOnCreatePost()" because "this.po_mop" is null
at com.facebook.testCases.TC_CreatePost.callMeBeforePerformAnyAction(TC_CreatePost.java:54)
at com.facebook.testCases.TC_CreatePost.test_CreatePost(TC_CreatePost.java:37)
at java.base/java.util.ArrayList.forEach(ArrayList.java:1597)
... Removed 25 stack frames]]>
    </failure>
  </testcase> <!-- test_CreatePost -->
</testsuite> <!-- Facebook -->
